<?xml version="1.0" encoding="UTF-8"?>
<testng-results ignored="0" total="1" passed="1" failed="0" skipped="0">
  <reporter-output>
  </reporter-output>
  <suite started-at="2024-03-11T09:56:59 GST" name="Default suite" finished-at="2024-03-11T09:57:05 GST" duration-ms="6724">
    <groups>
    </groups>
    <test started-at="2024-03-11T09:56:59 GST" name="Default test" finished-at="2024-03-11T09:57:05 GST" duration-ms="6724">
      <class name="testngpkg.Rishisample">
        <test-method is-config="true" signature="setup()[pri:0, instance:testngpkg.Rishisample@5e600dd5]" started-at="2024-03-11T09:56:59 GST" name="setup" finished-at="2024-03-11T09:57:05 GST" duration-ms="6632" status="PASS">
          <reporter-output>
          </reporter-output>
        </test-method> <!-- setup -->
        <test-method signature="rishitest()[pri:0, instance:testngpkg.Rishisample@5e600dd5]" started-at="2024-03-11T09:57:05 GST" name="rishitest" finished-at="2024-03-11T09:57:05 GST" duration-ms="55" status="PASS">
          <reporter-output>
          </reporter-output>
        </test-method> <!-- rishitest -->
      </class> <!-- testngpkg.Rishisample -->
    </test> <!-- Default test -->
  </suite> <!-- Default suite -->
</testng-results>
